Exporter version: 3.3.0, Blender version: 3.3.0
========= Conversion from Blender to Babylon.js =========
	Scene settings used :
		Inline textures     :  false
		Material Type       :  PBR
		Positions Precision :  4
		Normals Precision   :  3
		UVs Precision       :  3
		Vert Color Precision:  3
		Mat Weight Precision:  2
		Keep Z-up r-handed  :  no
		Texture directory   :  D:\Projects\blender\
	Python World class constructor completed
	WARNING: No active camera has been assigned, or is not in a currently enabled collection
	processing begun of mesh:  1 Этаж
		processing begun of material:  ground_1.009
		processing begun of material:  wall_1_2.004
		processing begun of material:  wall_1_3.004
		processing begun of material:  wall_1_4.002
		processing begun of material:  wall_1_7.001
		processing begun of material:  wall_2_9.003
		processing begun of material:  wall_2_10.002
		processing begun of material:  wall_7_40.002
		processing begun of material:  wall_12_74.002
		processing begun of material:  wall_16_99.001
		processing begun of material:  room_18_110.001
		processing begun of material:  room_19_111.001
		processing begun of material:  room_20_112.001
		processing begun of material:  room_21_113.001
		processing begun of material:  iris.002
		processing begun of material:  yellow_green.002
		processing begun of material:  flbrown.002
		processing begun of material:  amber.002
		processing begun of material:  white.006
		processing begun of material:  yellowbrt.002
		processing begun of material:  flgrey.002
		processing begun of material:  white_frame_157.001
		processing begun of material:  yellowbrt_sweethome3d_opening_on_hinge_1_handle_7_165.001
		processing begun of material:  white_Montant_168.001
		processing begun of material:  flltgrey.003
		processing begun of material:  white_frame_205.001
		processing begun of material:  flltgrey_sweethome3d_window_pane_on_hinge_1_211.001
		processing begun of material:  Tub.002
		processing begun of material:  Legs.002
		processing begun of material:  Water.002
		processing begun of material:  Side.002
		processing begun of material:  Drain.003
		processing begun of material:  Jet_system.002
		processing begun of material:  lighttan.003
		processing begun of material:  glasstransparent.003
		processing begun of material:  glassblutint.002
		processing begun of material:  fusta_taula.002
		processing begun of material:  glasstransparent_glass2_Cube_281.001
		processing begun of material:  flltbrown.002
		processing begun of material:  flbrown_dessus_296.001
		processing begun of material:  372.001
		processing begun of material:  sofa.002
		processing begun of material:  negrepotes.002
		processing begun of material:  metall.003
		processing begun of material:  lighttan_step_382.001
		processing begun of material:  Bois.002
		processing begun of material:  NoirTissu.002
		processing begun of material:  essai.002
		processing begun of material:  MetaPlast.002
		processing begun of material:  sweethome3d_window_mirror_492.001
		processing begun of material:  Rod.002
		processing begun of material:  Junction.002
		processing begun of material:  Right.002
		processing begun of material:  Left.002
		processing begun of material:  Rod_Rod_501.001
		processing begun of material:  Junction_Rod_14_503.001
		processing begun of material:  Right_RightCurtain_505.001
		processing begun of material:  Left_LeftCurtain_507.001
		processing begun of material:  Frame_out.002
		processing begun of material:  Cage_out.002
		processing begun of material:  Lock.002
		processing begun of material:  Glass.005
		processing begun of material:  Frame_in.002
		processing begun of material:  Cage_in.002
		processing begun of material:  Threshold.002
		processing begun of material:  metal.002
		processing begun of material:  toalla_blanca.002
		processing begun of material:  mirror.002
		processing begun of material:  cabinet.003
		processing begun of material:  light.002
		processing begun of material:  mirror_edge.002
		processing begun of material:  cupb.002
		processing begun of material:  sink.003
		processing begun of material:  chrome.002
		processing begun of material:  silver.005
		processing begun of material:  metal_567.001
		processing begun of material:  568.001
		processing begun of material:  569.001
		processing begun of material:  570.001
		processing begun of material:  571.001
		processing begun of material:  glass.006
		processing begun of material:  585.001
		processing begun of material:  587.001
		processing begun of material:  Cube_27_590.001
		processing begun of material:  591.001
		processing begun of material:  flltgrey_603.001
		processing begun of material:  ltgrey.002
		processing begun of material:  grey.004
		processing begun of material:  Aluminum.002
		processing begun of material:  624.001
		processing begun of material:  wire_000000000.002
		processing begun of material:  wire_079079079.002
		processing begun of material:  03___Default.002
		processing begun of material:  wire_216102000.002
			processing texture plan_wall_1_2
			processing texture plan_wall_2_10
			processing texture plan_wall_12_74
			processing texture plan_Side
			processing texture plan_sweethome3d_window_mirror_492
			processing texture plan_571
			processing texture plan_571
			processing texture plan_591
		processing begun of multimaterial:  plan.Multimaterial#0
		Custom split normals with tangents being used
		num positions      :  67961
		num normals        :  67961
		num tangents       :  271844
		num uvs            :  135922
		num uvs2           :  0
		num colors         :  0
		num triangles      :  83193
		WARNING: # of 0 area faces found:  36
	processing begun of mesh:  2 Этаж
		processing begun of material:  ground_1.010
		processing begun of material:  wall_1_2.005
		processing begun of material:  wall_1_3.005
		processing begun of material:  wall_2_8.001
		processing begun of material:  wall_2_9.004
		processing begun of material:  wall_5_26.002
		processing begun of material:  wall_6_32.001
		processing begun of material:  wall_6_33.001
		processing begun of material:  wall_10_57.001
		processing begun of material:  room_26_152.001
		processing begun of material:  room_27_153.001
		processing begun of material:  room_30_156.001
		processing begun of material:  white.007
		processing begun of material:  flltgrey.004
		processing begun of material:  frame_door_Cube_206.001
		processing begun of material:  sweethome3d_hinge_1_6_207.001
		processing begun of material:  sweethome3d_opening_on_hinge_1_handle_209.001
		processing begun of material:  sweethome3d_opening_on_hinge_1_door_210.001
		processing begun of material:  white_mesh01_231.001
		processing begun of material:  tan.002
		processing begun of material:  brown.002
		processing begun of material:  bclair.002
		processing begun of material:  archwhite2.002
		processing begun of material:  lighttan.004
		processing begun of material:  silver.006
		processing begun of material:  279.001
		processing begun of material:  metal.006
		processing begun of material:  _2BNX13D07_1_1.002
		processing begun of material:  _2BNL13D03_4_4.002
		processing begun of material:  OfficeChair3_1.002
		processing begun of material:  OfficeChair3_2.002
		processing begun of material:  monitor.002
		processing begun of material:  screen.002
		processing begun of material:  soport_apple.002
		processing begun of material:  base_teclado.002
		processing begun of material:  313.001
		processing begun of material:  teclas.002
		processing begun of material:  wood.003
		processing begun of material:  alumain.002
		processing begun of material:  glasstransparent.004
		processing begun of material:  318.001
		processing begun of material:  libros_blancos.002
		processing begun of material:  flwhite.002
		processing begun of material:  fabric.002
		processing begun of material:  mattress.002
		processing begun of material:  legs.002
		processing begun of material:  ruglegs.002
		processing begun of material:  sheet.002
		processing begun of material:  hetrenoir.002
		processing begun of material:  verre.002
		processing begun of material:  Gris.002
		processing begun of material:  blondhair.002
		processing begun of material:  lowbed.002
		processing begun of material:  texturefabric.002
		processing begun of material:  Upholstry.002
		processing begun of material:  Chair.002
		processing begun of material:  bone.002
		processing begun of material:  metal_2_2_12_459.001
		processing begun of material:  Lid.002
		processing begun of material:  Drain.004
		processing begun of material:  blue.002
		processing begun of material:  glass.007
		processing begun of material:  frame.002
		processing begun of material:  red.002
		processing begun of material:  metal_12_12_476.001
		processing begun of material:  drain.002
		processing begun of material:  cabinet.004
		processing begun of material:  sink.004
		processing begun of material:  front.002
		processing begun of material:  top.002
		processing begun of material:  Cloth1.002
		processing begun of material:  Lining1.002
		processing begun of material:  Hook.002
		processing begun of material:  Hanger.002
		processing begun of material:  Lining2.002
		processing begun of material:  Cloth2.002
		processing begun of material:  Rack.002
		processing begun of material:  default.002
			processing texture plan_wall_6_32
			processing texture plan_room_26_152
			processing texture plan_room_26_152
			processing texture plan_room_30_156
			processing texture plan_bclair
			processing texture plan_wood
			processing texture plan_318
			processing texture plan_fabric
			processing texture plan_sheet
			processing texture plan_hetrenoir
			processing texture plan_verre
			processing texture plan_texturefabric
			processing texture plan_Cloth1
			processing texture plan_Cloth2
		processing begun of multimaterial:  plan.Multimaterial#1
		Custom split normals with tangents being used
		num positions      :  125897
		num normals        :  125897
		num tangents       :  503588
		num uvs            :  251794
		num uvs2           :  0
		num colors         :  0
		num triangles      :  100244
		WARNING: # of 0 area faces found:  44
	processing begun of mesh:  Участок
		processing begun of material:  ground_1.018
		processing begun of material:  wall_1_2.009
		processing begun of material:  wall_1_3.009
		processing begun of material:  wall_1_4.004
		processing begun of material:  wall_1_7.003
		processing begun of material:  wall_2_9.006
		processing begun of material:  wall_2_10.004
		processing begun of material:  wall_7_40.004
		processing begun of material:  wall_12_74.004
		processing begun of material:  wall_12_75.002
		processing begun of material:  wall_13_80.002
		processing begun of material:  wall_13_81.002
		processing begun of material:  wall_16_98.002
		processing begun of material:  wall_17_104.002
		processing begun of material:  wall_17_105.002
		processing begun of material:  wall_21_129.002
		processing begun of material:  wall_37_224.002
		processing begun of material:  wall_37_225.002
		processing begun of material:  wall_37_228.002
		processing begun of material:  wall_40_246.002
		processing begun of material:  wall_41_248.002
		processing begun of material:  wall_43_260.002
		processing begun of material:  wall_48_290.002
		processing begun of material:  room_51_308.002
		processing begun of material:  room_52_309.002
		processing begun of material:  room_53_310.002
		processing begun of material:  room_54_311.002
		processing begun of material:  room_55_312.002
		processing begun of material:  room_56_313.002
		processing begun of material:  room_59_316.002
		processing begun of material:  room_61_318.002
		processing begun of material:  room_71_329.002
		processing begun of material:  iris.004
		processing begun of material:  yellow_green.004
		processing begun of material:  flbrown.004
		processing begun of material:  amber.004
		processing begun of material:  white.013
		processing begun of material:  yellowbrt.004
		processing begun of material:  flgrey.004
		processing begun of material:  white_frame_373.002
		processing begun of material:  yellowbrt_sweethome3d_opening_on_hinge_1_handle_7_381.002
		processing begun of material:  white_Montant_384.002
		processing begun of material:  flltgrey.006
		processing begun of material:  white_frame_421.002
		processing begun of material:  flltgrey_sweethome3d_window_pane_on_hinge_1_427.002
		processing begun of material:  Tub.004
		processing begun of material:  Legs.004
		processing begun of material:  Water.004
		processing begun of material:  Side.004
		processing begun of material:  Drain.006
		processing begun of material:  Jet_system.004
		processing begun of material:  lighttan.006
		processing begun of material:  glasstransparent.006
		processing begun of material:  glassblutint.004
		processing begun of material:  fusta_taula.004
		processing begun of material:  glasstransparent_glass2_Cube_497.002
		processing begun of material:  flltbrown.004
		processing begun of material:  flbrown_dessus_512.002
		processing begun of material:  588.002
		processing begun of material:  sofa.004
		processing begun of material:  negrepotes.004
		processing begun of material:  metall.007
		processing begun of material:  lighttan_step_598.002
		processing begun of material:  Bois.004
		processing begun of material:  NoirTissu.004
		processing begun of material:  essai.004
		processing begun of material:  MetaPlast.004
		processing begun of material:  sweethome3d_window_mirror_708.002
		processing begun of material:  Rod.004
		processing begun of material:  Junction.004
		processing begun of material:  Right.004
		processing begun of material:  Left.004
		processing begun of material:  Rod_Rod_717.002
		processing begun of material:  Junction_Rod_14_719.002
		processing begun of material:  Right_RightCurtain_721.002
		processing begun of material:  Left_LeftCurtain_723.002
		processing begun of material:  Frame_out.004
		processing begun of material:  Cage_out.004
		processing begun of material:  Lock.004
		processing begun of material:  Glass.011
		processing begun of material:  Frame_in.004
		processing begun of material:  Cage_in.004
		processing begun of material:  Threshold.004
		processing begun of material:  metal.011
		processing begun of material:  toalla_blanca.004
		processing begun of material:  mirror.004
		processing begun of material:  cabinet.006
		processing begun of material:  light.004
		processing begun of material:  mirror_edge.004
		processing begun of material:  cupb.004
		processing begun of material:  sink.006
		processing begun of material:  chrome.004
		processing begun of material:  silver.010
		processing begun of material:  metal_783.002
		processing begun of material:  784.002
		processing begun of material:  785.002
		processing begun of material:  786.002
		processing begun of material:  787.002
		processing begun of material:  glass.013
		processing begun of material:  801.002
		processing begun of material:  803.002
		processing begun of material:  Cube_27_806.002
		processing begun of material:  807.002
		processing begun of material:  frame_door_Cube_856.002
		processing begun of material:  sweethome3d_hinge_1_6_857.002
		processing begun of material:  sweethome3d_opening_on_hinge_1_handle_859.002
		processing begun of material:  sweethome3d_opening_on_hinge_1_door_860.002
		processing begun of material:  doorlines.006
		processing begun of material:  interior.006
		processing begun of material:  sweethome3d_window_mirror.006
		processing begun of material:  textured.006
		processing begun of material:  firstcolor.006
		processing begun of material:  tires.006
		processing begun of material:  chromes.006
		processing begun of material:  holes.006
		processing begun of material:  glass_Plane_951_890.002
		processing begun of material:  blackplastics.006
		processing begun of material:  lowparts.006
		processing begun of material:  tan.004
		processing begun of material:  brown.004
		processing begun of material:  bclair.004
		processing begun of material:  archwhite2.004
		processing begun of material:  lighttan_Desk_934.002
		processing begun of material:  942.002
		processing begun of material:  metal_943.002
		processing begun of material:  _2BNX13D07_1_1.004
		processing begun of material:  _2BNL13D03_4_4.004
		processing begun of material:  OfficeChair3_1.004
		processing begun of material:  OfficeChair3_2.004
		processing begun of material:  monitor.004
		processing begun of material:  screen.004
		processing begun of material:  soport_apple.004
		processing begun of material:  base_teclado.004
		processing begun of material:  976.002
		processing begun of material:  teclas.004
		processing begun of material:  wood.006
		processing begun of material:  alumain.004
		processing begun of material:  glasstransparent_glass_Cube_980.002
		processing begun of material:  981.002
		processing begun of material:  libros_blancos.004
		processing begun of material:  flwhite.004
		processing begun of material:  fabric.004
		processing begun of material:  mattress.004
		processing begun of material:  legs.004
		processing begun of material:  ruglegs.004
		processing begun of material:  sheet.004
		processing begun of material:  hetrenoir.004
		processing begun of material:  verre.004
		processing begun of material:  Gris.004
		processing begun of material:  blondhair.004
		processing begun of material:  lowbed.004
		processing begun of material:  texturefabric.004
		processing begun of material:  Upholstry.004
		processing begun of material:  Chair.004
		processing begun of material:  bone.004
		processing begun of material:  metal_2_2_12_1122.002
		processing begun of material:  Lid.004
		processing begun of material:  Drain_3_3_8_1124.002
		processing begun of material:  blue.004
		processing begun of material:  glass_3_3_3_1129.002
		processing begun of material:  frame.004
		processing begun of material:  red.004
		processing begun of material:  metal_12_12_1139.002
		processing begun of material:  drain.004
		processing begun of material:  cabinet_1_1_1145.002
		processing begun of material:  sink_4_4_1146.002
		processing begun of material:  front.004
		processing begun of material:  top.004
		processing begun of material:  Cloth1.004
		processing begun of material:  Lining1.004
		processing begun of material:  Hook.004
		processing begun of material:  Hanger.004
		processing begun of material:  Lining2.004
		processing begun of material:  Cloth2.004
		processing begun of material:  Rack.004
		processing begun of material:  default.004
		processing begun of material:  paintedwhite.006
		processing begun of material:  white_PolyMesh_3_1218.002
		processing begun of material:  1304.002
		processing begun of material:  1307.002
		processing begun of material:  Alu_frame.006
		processing begun of material:  Glass_13_13_1322
		processing begun of material:  Flooring.006
		processing begun of material:  flpinegreen.006
		processing begun of material:  grey.008
		processing begun of material:  Rock.006
		processing begun of material:  default_PolyMesh_1_None_None_1_1359
		processing begun of material:  flltgrey_1373
		processing begun of material:  ltgrey.004
		processing begun of material:  Aluminum.004
		processing begun of material:  1394
		processing begun of material:  wire_000000000.004
		processing begun of material:  wire_079079079.004
		processing begun of material:  03___Default.004
		processing begun of material:  wire_216102000.004
			processing texture plan_wall_1_2
			processing texture plan_wall_2_10
			processing texture plan_wall_17_104
			processing texture plan_wall_37_224
			processing texture plan_wall_37_224
			processing texture plan_wall_43_260
			processing texture plan_wall_48_290
			processing texture plan_room_55_312
			processing texture plan_room_55_312
			processing texture plan_room_59_316
			processing texture plan_room_61_318
			processing texture plan_wall_48_290
			processing texture plan_Side
			processing texture plan_sweethome3d_window_mirror_708
			processing texture plan_787
			processing texture plan_787
			processing texture plan_807
			processing texture plan_textured
			processing texture plan_bclair
			processing texture plan_wood
			processing texture plan_981
			processing texture plan_fabric
			processing texture plan_sheet
			processing texture plan_hetrenoir
			processing texture plan_verre
			processing texture plan_texturefabric
			processing texture plan_Cloth1
			processing texture plan_Cloth2
			processing texture plan_paintedwhite
			processing texture plan_paintedwhite
			processing texture plan_1304
			processing texture plan_1304
			processing texture plan_Flooring
			processing texture plan_Rock
			processing texture plan_wall_48_290
		processing begun of multimaterial:  plan.Multimaterial#2
		Custom split normals with tangents being used
		num positions      :  172633
		num normals        :  172633
		num tangents       :  690532
		num uvs            :  345266
		num uvs2           :  0
		num colors         :  0
		num triangles      :  202714
		WARNING: # of 0 area faces found:  80
	processing begun of mesh:  CAM1
		processing begun of material:  base.003
		processing begun of material:  baseMuro.003
		processing begun of material:  LED.003
		processing begun of material:  interno.003
		processing begun of material:  camera.003
		processing begun of multimaterial:  plan.Multimaterial#3
		Custom split normals with tangents being used
		num positions      :  4230
		num normals        :  4230
		num tangents       :  16920
		num uvs            :  8460
		num uvs2           :  0
		num colors         :  0
		num triangles      :  5963
	processing begun of mesh:  CAM2
		processing begun of material:  base.003
		processing begun of material:  baseMuro.003
		processing begun of material:  LED.003
		processing begun of material:  interno.003
		processing begun of material:  camera.003
		registered as also a user of material:  base.003
		registered as also a user of material:  baseMuro.003
		registered as also a user of material:  LED.003
		registered as also a user of material:  interno.003
		registered as also a user of material:  camera.003
		processing begun of multimaterial:  plan.Multimaterial#4
		Custom split normals with tangents being used
		num positions      :  4227
		num normals        :  4227
		num tangents       :  16908
		num uvs            :  8454
		num uvs2           :  0
		num colors         :  0
		num triangles      :  5963
	processing begun of mesh:  CAM3
		processing begun of material:  base.003
		processing begun of material:  baseMuro.003
		processing begun of material:  LED.003
		processing begun of material:  interno.003
		processing begun of material:  camera.003
		registered as also a user of material:  base.003
		registered as also a user of material:  baseMuro.003
		registered as also a user of material:  LED.003
		registered as also a user of material:  interno.003
		registered as also a user of material:  camera.003
		processing begun of multimaterial:  plan.Multimaterial#5
		Custom split normals with tangents being used
		num positions      :  4227
		num normals        :  4227
		num tangents       :  16908
		num uvs            :  8454
		num uvs2           :  0
		num colors         :  0
		num triangles      :  5963
	processing begun of mesh:  CAM4
		processing begun of material:  baseMuro.003
		processing begun of material:  base.003
		processing begun of material:  LED.003
		processing begun of material:  interno.003
		processing begun of material:  camera.003
		registered as also a user of material:  baseMuro.003
		registered as also a user of material:  base.003
		registered as also a user of material:  LED.003
		registered as also a user of material:  interno.003
		registered as also a user of material:  camera.003
		processing begun of multimaterial:  plan.Multimaterial#6
		Custom split normals with tangents being used
		num positions      :  4228
		num normals        :  4228
		num tangents       :  16912
		num uvs            :  8456
		num uvs2           :  0
		num colors         :  0
		num triangles      :  5963
	processing begun of mesh:  CAM5
		processing begun of material:  whiteplastic.003
		processing begun of material:  eyetexture.003
			processing texture plan_eyetexture
		processing begun of multimaterial:  plan.Multimaterial#7
		Custom split normals with tangents being used
		num positions      :  585
		num normals        :  585
		num tangents       :  2340
		num uvs            :  1170
		num uvs2           :  0
		num colors         :  0
		num triangles      :  550
	processing begun of mesh:  CAM7
		processing begun of material:  whiteplastic.003
		processing begun of material:  eyetexture.003
		registered as also a user of material:  whiteplastic.003
		registered as also a user of material:  eyetexture.003
		processing begun of multimaterial:  plan.Multimaterial#8
		Custom split normals with tangents being used
		num positions      :  585
		num normals        :  585
		num tangents       :  2340
		num uvs            :  1170
		num uvs2           :  0
		num colors         :  0
		num triangles      :  550
	processing begun of mesh:  CAM6
		processing begun of material:  whiteplastic.003
		processing begun of material:  eyetexture.003
		registered as also a user of material:  whiteplastic.003
		registered as also a user of material:  eyetexture.003
		processing begun of multimaterial:  plan.Multimaterial#9
		Custom split normals with tangents being used
		num positions      :  585
		num normals        :  585
		num tangents       :  2340
		num uvs            :  1170
		num uvs2           :  0
		num colors         :  0
		num triangles      :  550
	processing begun of mesh:  1-01L
		processing begun of material:  ltgold_2_2.001
		processing begun of material:  ltglass_1_1.001
		processing begun of multimaterial:  plan.Multimaterial#10
		Custom split normals with tangents being used
		num positions      :  6068
		num normals        :  6068
		num tangents       :  24272
		num uvs            :  12136
		num uvs2           :  0
		num colors         :  0
		num triangles      :  6160
	processing begun of mesh:  1-02L
		processing begun of material:  metall.002
		processing begun of material:  Torus_2.001
		processing begun of material:  4.001
		processing begun of material:  5.001
		processing begun of material:  sweethome3d_opening_on_rail_1_stones2_Icosphere_7680_7.001
		processing begun of material:  sweethome3d_opening_on_rail_1_stones2_Icosphere_8.001
		processing begun of material:  glass.004
		processing begun of material:  17.001
		processing begun of material:  18.001
		processing begun of multimaterial:  plan.Multimaterial#11
		Custom split normals with tangents being used
		num positions      :  168415
		num normals        :  168415
		num tangents       :  673660
		num uvs            :  336830
		num uvs2           :  0
		num colors         :  0
		num triangles      :  132302
	processing begun of mesh:  1-03L
		processing begun of material:  metal.004
		processing begun of material:  20.001
		processing begun of material:  21.001
		processing begun of material:  22.001
		processing begun of multimaterial:  plan.Multimaterial#12
		Custom split normals with tangents being used
		num positions      :  4320
		num normals        :  4320
		num tangents       :  17280
		num uvs            :  8640
		num uvs2           :  0
		num colors         :  0
		num triangles      :  8512
	processing begun of mesh:  1-05L
		processing begun of material:  Light.001
		processing begun of material:  Support.001
		processing begun of multimaterial:  plan.Multimaterial#13
		Custom split normals with tangents being used
		num positions      :  694
		num normals        :  694
		num tangents       :  2776
		num uvs            :  1388
		num uvs2           :  0
		num colors         :  0
		num triangles      :  532
	processing begun of mesh:  1-06L
		processing begun of material:  white.004
		Custom split normals with tangents being used
		num positions      :  460
		num normals        :  460
		num tangents       :  1840
		num uvs            :  920
		num uvs2           :  0
		num colors         :  0
		num triangles      :  588
	processing begun of mesh:  1-07L
		processing begun of material:  20.001
		processing begun of material:  metal.004
		processing begun of material:  21.001
		processing begun of material:  22.001
		registered as also a user of material:  20.001
		registered as also a user of material:  metal.004
		registered as also a user of material:  21.001
		registered as also a user of material:  22.001
		processing begun of multimaterial:  plan.Multimaterial#14
		Custom split normals with tangents being used
		num positions      :  4320
		num normals        :  4320
		num tangents       :  17280
		num uvs            :  8640
		num uvs2           :  0
		num colors         :  0
		num triangles      :  8512
	processing begun of mesh:  1-04L
		processing begun of material:  Glass.006
		processing begun of material:  Mirror.002
			processing texture plan_Mirror
		processing begun of multimaterial:  plan.Multimaterial#15
		Custom split normals with tangents being used
		num positions      :  251
		num normals        :  251
		num tangents       :  1004
		num uvs            :  502
		num uvs2           :  0
		num colors         :  0
		num triangles      :  112
	processing begun of mesh:  0-01L
		processing begun of material:  Lamp.005
			processing texture plan_Lamp
		Custom split normals with tangents being used
		num positions      :  12762
		num normals        :  12762
		num tangents       :  51048
		num uvs            :  25524
		num uvs2           :  0
		num colors         :  0
		num triangles      :  5940
	processing begun of mesh:  VV-1
		processing begun of material:  vent_out.002
		processing begun of material:  fan.002
		processing begun of material:  vent_in.002
		processing begun of material:  vent.002
		processing begun of multimaterial:  plan.Multimaterial#16
		num positions      :  722
		num normals        :  722
		num tangents       :  2888
		num uvs            :  0
		num uvs2           :  0
		num colors         :  0
		num triangles      :  336
	processing begun of mesh:  Vorota
		processing begun of material:  metal.008
		processing begun of material:  wood.004
		processing begun of material:  sign.002
			processing texture plan_sign
		processing begun of multimaterial:  plan.Multimaterial#17
		Custom split normals with tangents being used
		num positions      :  3850
		num normals        :  3850
		num tangents       :  15400
		num uvs            :  7700
		num uvs2           :  0
		num colors         :  0
		num triangles      :  1284
	processing begun of mesh:  Door 1
		processing begun of material:  Gate.002
		Custom split normals with tangents being used
		num positions      :  2241
		num normals        :  2241
		num tangents       :  8964
		num uvs            :  4482
		num uvs2           :  0
		num colors         :  0
		num triangles      :  3142
========= Writing of JSON file started =========
	writing mesh:  1 Этаж
	writing mesh:  2 Этаж
	writing mesh:  Участок
	writing mesh:  CAM1
	writing mesh:  CAM2
	writing mesh:  CAM3
	writing mesh:  CAM4
	writing mesh:  CAM5
	writing mesh:  CAM7
	writing mesh:  CAM6
	writing mesh:  1-01L
	writing mesh:  1-02L
	writing mesh:  1-03L
	writing mesh:  1-05L
	writing mesh:  1-06L
	writing mesh:  1-07L
	writing mesh:  1-04L
	writing mesh:  0-01L
	writing mesh:  VV-1
	writing mesh:  Vorota
	writing mesh:  Door 1
========= Writing of JSON file completed =========
========= end of processing =========
elapsed time:  0 min, 47.4091 secs
